<?xml version="1.0" encoding="UTF-8"?>
<testsuite xmlns:xsi="http://www.w3.org/2001/XMLSchema-instance" xsi:noNamespaceSchemaLocation="https://maven.apache.org/surefire/maven-surefire-plugin/xsd/surefire-test-report.xsd" name="fr.cga.livingdiagram.ExtracteurDeDonneesTest" time="0.634" tests="4" errors="0" skipped="0" failures="0">
  <properties>
[...]
</properties>
  <testcase name="doitRecupererLeContenuDeTroisDomainesComplets" classname="fr.cga.livingdiagram.ExtracteurDeDonneesTest" time="0.597"/>
  <testcase name="doitRecupererLeContenuDuneClasseVide" classname="fr.cga.livingdiagram.ExtracteurDeDonneesTest" time="0.002"/>
  <testcase name="doitRecupererLeContenuDeTroisClassesCompletes" classname="fr.cga.livingdiagram.ExtracteurDeDonneesTest" time="0.017"/>
  <testcase name="doitRecupererLeContenuDeDeuxClassesVides" classname="fr.cga.livingdiagram.ExtracteurDeDonneesTest" time="0.002"/>
</testsuite>